mod	trans_guid	split_guid	time_now	date_entered	date_posted	acc_guid	acc_name	num	description	notes	memo	action	reconciled	amount	value	date_reconciled
-----------------
===== START
===== END
===== START
===== END
===== START
C	fa3d192dac984f7995da3665a17e270c	663839ef33a7468aa617c99cbddd2ed4	2020-01-03 07:39:48	2020-01-03 07:39:48	2020-01-03 10:59:00	c6ffc35bc14809e19f90fc12f2e26915	02-Orders		Coop Bau+Hobby_Order_261456002				n	4289/100	4289/100	1970-01-01 00:00:00
C	fa3d192dac984f7995da3665a17e270c	8e2816c1a3f944d8a66728c6b81a7807	2020-01-03 07:39:48	2020-01-03 07:39:48	2020-01-03 10:59:00	7531fc0a84048ab0a30940d83aadb287	Bank		Coop Bau+Hobby_Order_261456002				n	-4289/100	-4289/100	1970-01-01 00:00:00
===== END
===== START
===== END
===== START
C	71ecdfea6b1645a49f11aba3f1a6f9fe	1c91f46c6dbc4a4a86818a9c5cccdc36	2020-01-03 07:40:09	2020-01-03 07:40:09	2020-01-03 10:59:00	c6ffc35bc14809e19f90fc12f2e26915	02-Orders		Coop Bau+Hobby_Order_261455924				n	4550/100	4550/100	1970-01-01 00:00:00
C	71ecdfea6b1645a49f11aba3f1a6f9fe	9c2b994a8727409cae7794412e1e3415	2020-01-03 07:40:09	2020-01-03 07:40:09	2020-01-03 10:59:00	7531fc0a84048ab0a30940d83aadb287	Bank		Coop Bau+Hobby_Order_261455924				n	-4550/100	-4550/100	1970-01-01 00:00:00
===== END
===== START
B	fa3d192dac984f7995da3665a17e270c	663839ef33a7468aa617c99cbddd2ed4	2020-01-03 07:40:30	2020-01-03 07:39:48	2020-01-03 10:59:00	c6ffc35bc14809e19f90fc12f2e26915	02-Orders		Coop Bau+Hobby_Order_261456002				n	4289/100	4289/100	1970-01-01 00:00:00
B	fa3d192dac984f7995da3665a17e270c	8e2816c1a3f944d8a66728c6b81a7807	2020-01-03 07:40:30	2020-01-03 07:39:48	2020-01-03 10:59:00	7531fc0a84048ab0a30940d83aadb287	Bank		Coop Bau+Hobby_Order_261456002				n	-4289/100	-4289/100	1970-01-01 00:00:00
===== END
===== START
C	fa3d192dac984f7995da3665a17e270c	663839ef33a7468aa617c99cbddd2ed4	2020-01-03 07:40:30	2020-01-03 07:39:48	2020-01-03 10:59:00	c6ffc35bc14809e19f90fc12f2e26915	02-Orders		Coop Bau+Hobby_Order_261456002				n	-4289/100	-4289/100	1970-01-01 00:00:00
C	fa3d192dac984f7995da3665a17e270c	8e2816c1a3f944d8a66728c6b81a7807	2020-01-03 07:40:30	2020-01-03 07:39:48	2020-01-03 10:59:00	7531fc0a84048ab0a30940d83aadb287	Bank		Coop Bau+Hobby_Order_261456002				n	4289/100	4289/100	1970-01-01 00:00:00
===== END
===== START
B	71ecdfea6b1645a49f11aba3f1a6f9fe	1c91f46c6dbc4a4a86818a9c5cccdc36	2020-01-03 07:40:34	2020-01-03 07:40:09	2020-01-03 10:59:00	c6ffc35bc14809e19f90fc12f2e26915	02-Orders		Coop Bau+Hobby_Order_261455924				n	4550/100	4550/100	1970-01-01 00:00:00
B	71ecdfea6b1645a49f11aba3f1a6f9fe	9c2b994a8727409cae7794412e1e3415	2020-01-03 07:40:34	2020-01-03 07:40:09	2020-01-03 10:59:00	7531fc0a84048ab0a30940d83aadb287	Bank		Coop Bau+Hobby_Order_261455924				n	-4550/100	-4550/100	1970-01-01 00:00:00
===== END
===== START
C	71ecdfea6b1645a49f11aba3f1a6f9fe	1c91f46c6dbc4a4a86818a9c5cccdc36	2020-01-03 07:40:34	2020-01-03 07:40:09	2020-01-03 10:59:00	c6ffc35bc14809e19f90fc12f2e26915	02-Orders		Coop Bau+Hobby_Order_261455924				n	-4550/100	-4550/100	1970-01-01 00:00:00
C	71ecdfea6b1645a49f11aba3f1a6f9fe	9c2b994a8727409cae7794412e1e3415	2020-01-03 07:40:34	2020-01-03 07:40:09	2020-01-03 10:59:00	7531fc0a84048ab0a30940d83aadb287	Bank		Coop Bau+Hobby_Order_261455924				n	4550/100	4550/100	1970-01-01 00:00:00
===== END
===== START
B	fa3d192dac984f7995da3665a17e270c	8e2816c1a3f944d8a66728c6b81a7807	2020-01-03 07:40:57	2020-01-03 07:39:48	2020-01-03 10:59:00	7531fc0a84048ab0a30940d83aadb287	Bank		Coop Bau+Hobby_Order_261456002				n	4289/100	4289/100	1970-01-01 00:00:00
B	fa3d192dac984f7995da3665a17e270c	663839ef33a7468aa617c99cbddd2ed4	2020-01-03 07:40:57	2020-01-03 07:39:48	2020-01-03 10:59:00	c6ffc35bc14809e19f90fc12f2e26915	02-Orders		Coop Bau+Hobby_Order_261456002				n	-4289/100	-4289/100	1970-01-01 00:00:00
===== END
===== START
C	fa3d192dac984f7995da3665a17e270c	8e2816c1a3f944d8a66728c6b81a7807	2020-01-03 07:40:57	2020-01-03 07:39:48	2020-01-03 10:59:00	d0b0fe42456bd2be6737e7a6dae90c2c	01-Stock		Coop Bau+Hobby_Order_261456002				n	4289/100	4289/100	1970-01-01 00:00:00
C	fa3d192dac984f7995da3665a17e270c	663839ef33a7468aa617c99cbddd2ed4	2020-01-03 07:40:57	2020-01-03 07:39:48	2020-01-03 10:59:00	c6ffc35bc14809e19f90fc12f2e26915	02-Orders		Coop Bau+Hobby_Order_261456002				n	-4289/100	-4289/100	1970-01-01 00:00:00
===== END
===== START
B	71ecdfea6b1645a49f11aba3f1a6f9fe	9c2b994a8727409cae7794412e1e3415	2020-01-03 07:41:07	2020-01-03 07:40:09	2020-01-03 10:59:00	7531fc0a84048ab0a30940d83aadb287	Bank		Coop Bau+Hobby_Order_261455924				n	4550/100	4550/100	1970-01-01 00:00:00
B	71ecdfea6b1645a49f11aba3f1a6f9fe	1c91f46c6dbc4a4a86818a9c5cccdc36	2020-01-03 07:41:07	2020-01-03 07:40:09	2020-01-03 10:59:00	c6ffc35bc14809e19f90fc12f2e26915	02-Orders		Coop Bau+Hobby_Order_261455924				n	-4550/100	-4550/100	1970-01-01 00:00:00
===== END
===== START
C	71ecdfea6b1645a49f11aba3f1a6f9fe	9c2b994a8727409cae7794412e1e3415	2020-01-03 07:41:07	2020-01-03 07:40:09	2020-01-03 10:59:00	d0b0fe42456bd2be6737e7a6dae90c2c	01-Stock		Coop Bau+Hobby_Order_261455924				n	4550/100	4550/100	1970-01-01 00:00:00
C	71ecdfea6b1645a49f11aba3f1a6f9fe	1c91f46c6dbc4a4a86818a9c5cccdc36	2020-01-03 07:41:07	2020-01-03 07:40:09	2020-01-03 10:59:00	c6ffc35bc14809e19f90fc12f2e26915	02-Orders		Coop Bau+Hobby_Order_261455924				n	-4550/100	-4550/100	1970-01-01 00:00:00
===== END
