mod	trans_guid	split_guid	time_now	date_entered	date_posted	acc_guid	acc_name	num	description	notes	memo	action	reconciled	amount	value	date_reconciled
-----------------
===== START
C	b49dfe460028476b9a45d4326ca54d79	aaf19b6148d24f1f924a54f24247310b	2020-01-16 15:02:39	2020-01-16 15:02:38	2020-01-16 10:59:00	d0b0fe42456bd2be6737e7a6dae90c2c	Stock		OBI Kantenumleimer
				n	450/100	450/100	1970-01-01 00:00:00
C	b49dfe460028476b9a45d4326ca54d79	4198957ec8b14ad390f1da414b0f1f87	2020-01-16 15:02:39	2020-01-16 15:02:38	2020-01-16 10:59:00	7531fc0a84048ab0a30940d83aadb287	Bank		OBI Kantenumleimer
				n	-450/100	-450/100	1970-01-01 00:00:00
===== END
===== START
===== END
===== START
C	7fd5eed07e714a9ebecbd71030617324	b1a072f6aba94f079c8130fc6a56efa7	2020-01-16 15:03:18	2020-01-16 15:03:18	2020-01-16 10:59:00	d0b0fe42456bd2be6737e7a6dae90c2c	Stock		COOP Selbskbfol
				n	540/100	540/100	1970-01-01 00:00:00
C	7fd5eed07e714a9ebecbd71030617324	c9faaa16773d4823b3b25d1ea0d24cb4	2020-01-16 15:03:18	2020-01-16 15:03:18	2020-01-16 10:59:00	7531fc0a84048ab0a30940d83aadb287	Bank		COOP Selbskbfol
				n	-540/100	-540/100	1970-01-01 00:00:00
===== END
===== START
===== END
===== START
C	ae69e4dc16a74e40b3c124b552fb6076	99f6277e65274474a42a3947b9a9ece1	2020-01-16 15:03:41	2020-01-16 15:03:41	2020-01-16 10:59:00	d0b0fe42456bd2be6737e7a6dae90c2c	Stock		COOP Tco-Lux Acrylglass
				n	1590/100	1590/100	1970-01-01 00:00:00
C	ae69e4dc16a74e40b3c124b552fb6076	ceee9d932fc94064b7f2050134cc9027	2020-01-16 15:03:41	2020-01-16 15:03:41	2020-01-16 10:59:00	7531fc0a84048ab0a30940d83aadb287	Bank		COOP Tco-Lux Acrylglass
				n	-1590/100	-1590/100	1970-01-01 00:00:00
===== END
===== START
===== END
