mod	trans_guid	split_guid	time_now	date_entered	date_posted	acc_guid	acc_name	num	description	notes	memo	action	reconciled	amount	value	date_reconciled
-----------------
===== START
===== END
===== START
D	2264ee2dce784d46a4d502d85c4163f1	614437c6ba4b4904a153772306265556	2020-01-16 15:08:49	2020-01-16 15:08:49	2020-01-16 10:59:00								n	0/1	0/100	1970-01-01 00:00:00
===== END
===== START
D	f1d6b44e04d1431baa147b9a641cec2e	0c79dd74dfc94aae8fad4369e6c0a6d6	2020-01-16 15:09:01	2020-01-16 15:09:01	2020-01-16 10:59:00								n	0/1	0/100	1970-01-01 00:00:00
===== END
===== START
===== END
===== START
D	0f47cb198fa54a4d8557de18d2244101	8a274ba0be3f4333a72cb95715ac26ac	2020-01-16 15:11:21	2020-01-16 15:11:21	2020-01-16 10:59:00								n	0/1	0/100	1970-01-01 00:00:00
===== END
===== START
===== END
===== START
===== END
===== START
C	83dd0f98629944dd9b3d44faf75dd4b3	4185b3a0febb485691e26175d2da2703	2020-01-16 15:12:04	2020-01-16 15:12:04	2020-01-16 10:59:00	f49af31207d84defa34788d9b8da9f5a	Consumable		COOP Selbskbfol
				n	540/100	540/100	1970-01-01 00:00:00
C	83dd0f98629944dd9b3d44faf75dd4b3	78537ade0d0f4b1188e3d2680e831670	2020-01-16 15:12:04	2020-01-16 15:12:04	2020-01-16 10:59:00	7531fc0a84048ab0a30940d83aadb287	Bank		COOP Selbskbfol
				n	-540/100	-540/100	1970-01-01 00:00:00
===== END
===== START
===== END
