mod	trans_guid	split_guid	time_now	date_entered	date_posted	acc_guid	acc_name	num	description	notes	memo	action	reconciled	amount	value	date_reconciled
-----------------
===== START
===== END
===== START
B	b613f08b9dc989e2750e79033c2b0336	32241a2858224829286b2d915263ca44	2019-11-21 08:16:15.000000 (null)	2019-11-18 15:41:54.000000 (null)	2019-11-18 11:59:00.000000 (null)	c6ffc35bc14809e19f90fc12f2e26915	02-Orders		Coop Bau+Hobby_Order_261455924				n	4550/100	4550/100	1970-01-01 01:00:00.000000 (null)
B	b613f08b9dc989e2750e79033c2b0336	1367ab32aa054d2d41bd51b8bbfe7fff	2019-11-21 08:16:15.000000 (null)	2019-11-18 15:41:54.000000 (null)	2019-11-18 11:59:00.000000 (null)	7531fc0a84048ab0a30940d83aadb287	Bank		Coop Bau+Hobby_Order_261455924				n	-4550/100	-4550/100	1970-01-01 01:00:00.000000 (null)
===== END
===== START
C	b613f08b9dc989e2750e79033c2b0336	32241a2858224829286b2d915263ca44	2019-11-21 08:16:15.000000 (null)	2019-11-18 15:41:54.000000 (null)	2019-11-18 11:59:00.000000 (null)	c6ffc35bc14809e19f90fc12f2e26915	02-Orders		Coop Bau+Hobby_Order_261455924				n	4550/100	4550/100	1970-01-01 01:00:00.000000 (null)
C	b613f08b9dc989e2750e79033c2b0336	1367ab32aa054d2d41bd51b8bbfe7fff	2019-11-21 08:16:15.000000 (null)	2019-11-18 15:41:54.000000 (null)	2019-11-18 11:59:00.000000 (null)	7531fc0a84048ab0a30940d83aadb287	Bank		Coop Bau+Hobby_Order_261455924				n	-4550/100	-4550/100	1970-01-01 01:00:00.000000 (null)
===== END
===== START
B	b613f08b9dc989e2750e79033c2b0336	32241a2858224829286b2d915263ca44	2019-11-21 08:17:59.000000 (null)	2019-11-18 15:41:54.000000 (null)	2019-11-18 11:59:00.000000 (null)	c6ffc35bc14809e19f90fc12f2e26915	02-Orders		Coop Bau+Hobby_Order_261455924				n	4550/100	4550/100	1970-01-01 01:00:00.000000 (null)
B	b613f08b9dc989e2750e79033c2b0336	1367ab32aa054d2d41bd51b8bbfe7fff	2019-11-21 08:17:59.000000 (null)	2019-11-18 15:41:54.000000 (null)	2019-11-18 11:59:00.000000 (null)	7531fc0a84048ab0a30940d83aadb287	Bank		Coop Bau+Hobby_Order_261455924				n	-4550/100	-4550/100	1970-01-01 01:00:00.000000 (null)
===== END
===== START
C	b613f08b9dc989e2750e79033c2b0336	32241a2858224829286b2d915263ca44	2019-11-21 08:17:59.000000 (null)	2019-11-18 15:41:54.000000 (null)	2019-11-18 11:59:00.000000 (null)	c6ffc35bc14809e19f90fc12f2e26915	02-Orders		Coop Bau+Hobby_Order_261455924				n	4550/100	4550/100	1970-01-01 01:00:00.000000 (null)
C	b613f08b9dc989e2750e79033c2b0336	1367ab32aa054d2d41bd51b8bbfe7fff	2019-11-21 08:17:59.000000 (null)	2019-11-18 15:41:54.000000 (null)	2019-11-18 11:59:00.000000 (null)	7531fc0a84048ab0a30940d83aadb287	Bank		Coop Bau+Hobby_Order_261455924				n	-4550/100	-4550/100	1970-01-01 01:00:00.000000 (null)
===== END
===== START
B	b613f08b9dc989e2750e79033c2b0336	32241a2858224829286b2d915263ca44	2019-11-21 08:18:53.000000 (null)	2019-11-18 15:41:54.000000 (null)	2019-11-18 11:59:00.000000 (null)	c6ffc35bc14809e19f90fc12f2e26915	02-Orders		Coop Bau+Hobby_Order_261455924				n	4550/100	4550/100	1970-01-01 01:00:00.000000 (null)
B	b613f08b9dc989e2750e79033c2b0336	1367ab32aa054d2d41bd51b8bbfe7fff	2019-11-21 08:18:53.000000 (null)	2019-11-18 15:41:54.000000 (null)	2019-11-18 11:59:00.000000 (null)	7531fc0a84048ab0a30940d83aadb287	Bank		Coop Bau+Hobby_Order_261455924				n	-4550/100	-4550/100	1970-01-01 01:00:00.000000 (null)
===== END
===== START
C	b613f08b9dc989e2750e79033c2b0336	32241a2858224829286b2d915263ca44	2019-11-21 08:18:53.000000 (null)	2019-11-18 15:41:54.000000 (null)	2019-11-18 11:59:00.000000 (null)	c6ffc35bc14809e19f90fc12f2e26915	02-Orders		Coop Bau+Hobby_Order_261455924				n	4550/100	4550/100	1970-01-01 01:00:00.000000 (null)
C	b613f08b9dc989e2750e79033c2b0336	1367ab32aa054d2d41bd51b8bbfe7fff	2019-11-21 08:18:53.000000 (null)	2019-11-18 15:41:54.000000 (null)	2019-11-18 11:59:00.000000 (null)	7531fc0a84048ab0a30940d83aadb287	Bank		Coop Bau+Hobby_Order_261455924				n	-4550/100	-4550/100	1970-01-01 01:00:00.000000 (null)
===== END
