mod	trans_guid	split_guid	time_now	date_entered	date_posted	acc_guid	acc_name	num	description	notes	memo	action	reconciled	amount	value	date_reconciled
-----------------
===== START
D	1b9cf7dc095e40bf96b6001d3dc7112c	0331294b0c5c4c1dbc921cecb84588de	2020-01-03 07:41:17	2020-01-03 07:41:17	2020-01-03 10:59:00								n	0/1	0/100	1970-01-01 00:00:00
===== END
===== START
D	bad10affe3c44c44b16e606cd12958cd	f2d4831a40644fb3aa2c438d113a6dde	2020-01-03 07:42:04	2020-01-03 07:42:04	2020-01-03 10:59:00								n	0/1	0/100	1970-01-01 00:00:00
===== END
===== START
D	4452cf92953243cdb694b717ca4a28ca	f893f85e2b8242fca653b1212d5a36d5	2020-01-03 07:42:08	2020-01-03 07:42:08	2020-01-03 10:59:00								n	0/1	0/100	1970-01-01 00:00:00
===== END
===== START
===== END
===== START
D	628296ad1f8447a48993b826644d2023	5a9a237e9edd4ca288b871d5eec05b62	2020-01-03 07:42:28	2020-01-03 07:42:28	2020-01-03 10:59:00								n	0/1	0/100	1970-01-01 00:00:00
===== END
===== START
===== END
===== START
===== END
===== START
D	ef39d50ece8745d58baf38a43fc7b3ab	d1a1e137d6f343acbb80944b44a8a9ab	2020-01-03 07:51:58	2020-01-03 07:51:58	2020-01-03 10:59:00								n	0/1	0/100	1970-01-01 00:00:00
===== END
===== START
D	be4fed809b6a42a199b66d8066e77c85	094525a5e00a48bbb51cd336ade59fbb	2020-01-03 07:52:02	2020-01-03 07:52:02	2020-01-03 10:59:00								n	0/1	0/100	1970-01-01 00:00:00
===== END
